-------------------------------------------------------------------------------
Test set: com.alibaba.dubbo.common.json.JSONTest
-------------------------------------------------------------------------------
Tests run: 8, Failures: 0, Errors: 1, Skipped: 0, Time elapsed: 1.176 sec <<< FAILURE!
testException(com.alibaba.dubbo.common.json.JSONTest)  Time elapsed: 0.074 sec  <<< ERROR!
com.alibaba.dubbo.common.bytecode.NoSuchPropertyException: Not found property "suppressed" filed or setter method in class com.alibaba.dubbo.common.json.MyException.
	at com.alibaba.dubbo.common.bytecode.Wrapper2.setPropertyValue(Wrapper2.java)
	at com.alibaba.dubbo.common.json.J2oVisitor.objectItemValue(J2oVisitor.java:180)
	at com.alibaba.dubbo.common.json.JSON.parse(JSON.java:623)
	at com.alibaba.dubbo.common.json.JSON.parse(JSON.java:227)
	at com.alibaba.dubbo.common.json.JSONTest.testException(JSONTest.java:40)
	at sun.reflect.NativeMethodAccessorImpl.invoke0(Native Method)
	at sun.reflect.NativeMethodAccessorImpl.invoke(Unknown Source)
	at sun.reflect.DelegatingMethodAccessorImpl.invoke(Unknown Source)
	at java.lang.reflect.Method.invoke(Unknown Source)
	at junit.framework.TestCase.runTest(TestCase.java:168)
	at junit.framework.TestCase.runBare(TestCase.java:134)
	at junit.framework.TestResult$1.protect(TestResult.java:110)
	at junit.framework.TestResult.runProtected(TestResult.java:128)
	at junit.framework.TestResult.run(TestResult.java:113)
	at junit.framework.TestCase.run(TestCase.java:124)
	at junit.framework.TestSuite.runTest(TestSuite.java:243)
	at junit.framework.TestSuite.run(TestSuite.java:238)
	at org.junit.internal.runners.JUnit38ClassRunner.run(JUnit38ClassRunner.java:83)
	at org.apache.maven.surefire.junit4.JUnit4TestSet.execute(JUnit4TestSet.java:53)
	at org.apache.maven.surefire.junit4.JUnit4Provider.executeTestSet(JUnit4Provider.java:123)
	at org.apache.maven.surefire.junit4.JUnit4Provider.invoke(JUnit4Provider.java:104)
	at sun.reflect.NativeMethodAccessorImpl.invoke0(Native Method)
	at sun.reflect.NativeMethodAccessorImpl.invoke(Unknown Source)
	at sun.reflect.DelegatingMethodAccessorImpl.invoke(Unknown Source)
	at java.lang.reflect.Method.invoke(Unknown Source)
	at org.apache.maven.surefire.util.ReflectionUtils.invokeMethodWithArray(ReflectionUtils.java:164)
	at org.apache.maven.surefire.booter.ProviderFactory$ProviderProxy.invoke(ProviderFactory.java:110)
	at org.apache.maven.surefire.booter.SurefireStarter.invokeProvider(SurefireStarter.java:175)
	at org.apache.maven.surefire.booter.SurefireStarter.runSuitesInProcessWhenForked(SurefireStarter.java:81)
	at org.apache.maven.surefire.booter.ForkedBooter.main(ForkedBooter.java:68)
