-------------------------------------------------------------------------------
Test set: com.alibaba.dubbo.common.serialize.serialization.DubboSerializationTest
-------------------------------------------------------------------------------
Tests run: 79, Failures: 0, Errors: 2, Skipped: 2, Time elapsed: 1.142 sec <<< FAILURE!
test_BigInteger(com.alibaba.dubbo.common.serialize.serialization.DubboSerializationTest)  Time elapsed: 0.023 sec  <<< ERROR!
java.lang.RuntimeException: (class: com/alibaba/dubbo/common/serialize/support/dubbo/Builder$bc17, method: newInstance signature: (Lcom/alibaba/dubbo/common/serialize/support/dubbo/GenericObjectInput;)Ljava/lang/Object;) Expecting to find object/array on stack
	at com.alibaba.dubbo.common.serialize.support.dubbo.Builder.newObjectBuilder(Builder.java:752)
	at com.alibaba.dubbo.common.serialize.support.dubbo.Builder.newBuilder(Builder.java:188)
	at com.alibaba.dubbo.common.serialize.support.dubbo.Builder.register(Builder.java:154)
	at com.alibaba.dubbo.common.serialize.support.dubbo.GenericObjectOutput.writeObject(GenericObjectOutput.java:98)
	at com.alibaba.dubbo.common.serialize.serialization.AbstractSerializationTest.assertObject(AbstractSerializationTest.java:363)
	at com.alibaba.dubbo.common.serialize.serialization.AbstractSerializationTest.test_BigInteger(AbstractSerializationTest.java:851)
	at sun.reflect.NativeMethodAccessorImpl.invoke0(Native Method)
	at sun.reflect.NativeMethodAccessorImpl.invoke(Unknown Source)
	at sun.reflect.DelegatingMethodAccessorImpl.invoke(Unknown Source)
	at java.lang.reflect.Method.invoke(Unknown Source)
	at org.junit.runners.model.FrameworkMethod$1.runReflectiveCall(FrameworkMethod.java:45)
	at org.junit.internal.runners.model.ReflectiveCallable.run(ReflectiveCallable.java:15)
	at org.junit.runners.model.FrameworkMethod.invokeExplosively(FrameworkMethod.java:42)
	at org.junit.internal.runners.statements.InvokeMethod.evaluate(InvokeMethod.java:20)
	at org.junit.runners.ParentRunner.runLeaf(ParentRunner.java:263)
	at org.junit.runners.BlockJUnit4ClassRunner.runChild(BlockJUnit4ClassRunner.java:68)
	at org.junit.runners.BlockJUnit4ClassRunner.runChild(BlockJUnit4ClassRunner.java:47)
	at org.junit.runners.ParentRunner$3.run(ParentRunner.java:231)
	at org.junit.runners.ParentRunner$1.schedule(ParentRunner.java:60)
	at org.junit.runners.ParentRunner.runChildren(ParentRunner.java:229)
	at org.junit.runners.ParentRunner.access$000(ParentRunner.java:50)
	at org.junit.runners.ParentRunner$2.evaluate(ParentRunner.java:222)
	at org.junit.runners.ParentRunner.run(ParentRunner.java:300)
	at org.apache.maven.surefire.junit4.JUnit4TestSet.execute(JUnit4TestSet.java:53)
	at org.apache.maven.surefire.junit4.JUnit4Provider.executeTestSet(JUnit4Provider.java:123)
	at org.apache.maven.surefire.junit4.JUnit4Provider.invoke(JUnit4Provider.java:104)
	at sun.reflect.NativeMethodAccessorImpl.invoke0(Native Method)
	at sun.reflect.NativeMethodAccessorImpl.invoke(Unknown Source)
	at sun.reflect.DelegatingMethodAccessorImpl.invoke(Unknown Source)
	at java.lang.reflect.Method.invoke(Unknown Source)
	at org.apache.maven.surefire.util.ReflectionUtils.invokeMethodWithArray(ReflectionUtils.java:164)
	at org.apache.maven.surefire.booter.ProviderFactory$ProviderProxy.invoke(ProviderFactory.java:110)
	at org.apache.maven.surefire.booter.SurefireStarter.invokeProvider(SurefireStarter.java:175)
	at org.apache.maven.surefire.booter.SurefireStarter.runSuitesInProcessWhenForked(SurefireStarter.java:81)
	at org.apache.maven.surefire.booter.ForkedBooter.main(ForkedBooter.java:68)
Caused by: java.lang.VerifyError: (class: com/alibaba/dubbo/common/serialize/support/dubbo/Builder$bc17, method: newInstance signature: (Lcom/alibaba/dubbo/common/serialize/support/dubbo/GenericObjectInput;)Ljava/lang/Object;) Expecting to find object/array on stack
	at java.lang.Class.getDeclaredFields0(Native Method)
	at java.lang.Class.privateGetDeclaredFields(Unknown Source)
	at java.lang.Class.getField0(Unknown Source)
	at java.lang.Class.getField(Unknown Source)
	at com.alibaba.dubbo.common.serialize.support.dubbo.Builder.newObjectBuilder(Builder.java:740)
	... 34 more
test_BigInteger_withType(com.alibaba.dubbo.common.serialize.serialization.DubboSerializationTest)  Time elapsed: 0.007 sec  <<< ERROR!
java.lang.RuntimeException: (class: com/alibaba/dubbo/common/serialize/support/dubbo/Builder$bc18, method: newInstance signature: (Lcom/alibaba/dubbo/common/serialize/support/dubbo/GenericObjectInput;)Ljava/lang/Object;) Expecting to find object/array on stack
	at com.alibaba.dubbo.common.serialize.support.dubbo.Builder.newObjectBuilder(Builder.java:752)
	at com.alibaba.dubbo.common.serialize.support.dubbo.Builder.newBuilder(Builder.java:188)
	at com.alibaba.dubbo.common.serialize.support.dubbo.Builder.register(Builder.java:154)
	at com.alibaba.dubbo.common.serialize.support.dubbo.GenericObjectOutput.writeObject(GenericObjectOutput.java:98)
	at com.alibaba.dubbo.common.serialize.serialization.AbstractSerializationTest.assertObjectWithType(AbstractSerializationTest.java:381)
	at com.alibaba.dubbo.common.serialize.serialization.AbstractSerializationTest.test_BigInteger_withType(AbstractSerializationTest.java:856)
	at sun.reflect.NativeMethodAccessorImpl.invoke0(Native Method)
	at sun.reflect.NativeMethodAccessorImpl.invoke(Unknown Source)
	at sun.reflect.DelegatingMethodAccessorImpl.invoke(Unknown Source)
	at java.lang.reflect.Method.invoke(Unknown Source)
	at org.junit.runners.model.FrameworkMethod$1.runReflectiveCall(FrameworkMethod.java:45)
	at org.junit.internal.runners.model.ReflectiveCallable.run(ReflectiveCallable.java:15)
	at org.junit.runners.model.FrameworkMethod.invokeExplosively(FrameworkMethod.java:42)
	at org.junit.internal.runners.statements.InvokeMethod.evaluate(InvokeMethod.java:20)
	at org.junit.runners.ParentRunner.runLeaf(ParentRunner.java:263)
	at org.junit.runners.BlockJUnit4ClassRunner.runChild(BlockJUnit4ClassRunner.java:68)
	at org.junit.runners.BlockJUnit4ClassRunner.runChild(BlockJUnit4ClassRunner.java:47)
	at org.junit.runners.ParentRunner$3.run(ParentRunner.java:231)
	at org.junit.runners.ParentRunner$1.schedule(ParentRunner.java:60)
	at org.junit.runners.ParentRunner.runChildren(ParentRunner.java:229)
	at org.junit.runners.ParentRunner.access$000(ParentRunner.java:50)
	at org.junit.runners.ParentRunner$2.evaluate(ParentRunner.java:222)
	at org.junit.runners.ParentRunner.run(ParentRunner.java:300)
	at org.apache.maven.surefire.junit4.JUnit4TestSet.execute(JUnit4TestSet.java:53)
	at org.apache.maven.surefire.junit4.JUnit4Provider.executeTestSet(JUnit4Provider.java:123)
	at org.apache.maven.surefire.junit4.JUnit4Provider.invoke(JUnit4Provider.java:104)
	at sun.reflect.NativeMethodAccessorImpl.invoke0(Native Method)
	at sun.reflect.NativeMethodAccessorImpl.invoke(Unknown Source)
	at sun.reflect.DelegatingMethodAccessorImpl.invoke(Unknown Source)
	at java.lang.reflect.Method.invoke(Unknown Source)
	at org.apache.maven.surefire.util.ReflectionUtils.invokeMethodWithArray(ReflectionUtils.java:164)
	at org.apache.maven.surefire.booter.ProviderFactory$ProviderProxy.invoke(ProviderFactory.java:110)
	at org.apache.maven.surefire.booter.SurefireStarter.invokeProvider(SurefireStarter.java:175)
	at org.apache.maven.surefire.booter.SurefireStarter.runSuitesInProcessWhenForked(SurefireStarter.java:81)
	at org.apache.maven.surefire.booter.ForkedBooter.main(ForkedBooter.java:68)
Caused by: java.lang.VerifyError: (class: com/alibaba/dubbo/common/serialize/support/dubbo/Builder$bc18, method: newInstance signature: (Lcom/alibaba/dubbo/common/serialize/support/dubbo/GenericObjectInput;)Ljava/lang/Object;) Expecting to find object/array on stack
	at java.lang.Class.getDeclaredFields0(Native Method)
	at java.lang.Class.privateGetDeclaredFields(Unknown Source)
	at java.lang.Class.getField0(Unknown Source)
	at java.lang.Class.getField(Unknown Source)
	at com.alibaba.dubbo.common.serialize.support.dubbo.Builder.newObjectBuilder(Builder.java:740)
	... 34 more
