<?xml version="1.0" encoding="UTF-8" ?>
<testsuite failures="0" time="0.831" errors="0" skipped="43" tests="80" name="com.alibaba.dubbo.common.serialize.serialization.FastJsonSerializationTest">
  <properties>
[...]
</properties>
  <testcase time="0" classname="com.alibaba.dubbo.common.serialize.serialization.FastJsonSerializationTest" name="test_Date">
    <skipped/>
  </testcase>
  <testcase time="0.001" classname="com.alibaba.dubbo.common.serialize.serialization.FastJsonSerializationTest" name="test_SPerson">
    <skipped/>
  </testcase>
  <testcase time="0.001" classname="com.alibaba.dubbo.common.serialize.serialization.FastJsonSerializationTest" name="test_enum">
    <skipped/>
  </testcase>
  <testcase time="0.002" classname="com.alibaba.dubbo.common.serialize.serialization.FastJsonSerializationTest" name="test_Time">
    <skipped/>
  </testcase>
  <testcase time="0.002" classname="com.alibaba.dubbo.common.serialize.serialization.FastJsonSerializationTest" name="test_Person">
    <skipped/>
  </testcase>
  <testcase time="0.003" classname="com.alibaba.dubbo.common.serialize.serialization.FastJsonSerializationTest" name="test_BizExceptionNoDefaultConstructor">
    <skipped/>
  </testcase>
  <testcase time="0.27" classname="com.alibaba.dubbo.common.serialize.serialization.FastJsonSerializationTest" name="test_MediaContent_WithType_badStream"/>
  <testcase time="0.271" classname="com.alibaba.dubbo.common.serialize.serialization.FastJsonSerializationTest" name="test_BizExceptionNoDefaultConstructor_WithType">
    <skipped/>
  </testcase>
  <testcase time="0.271" classname="com.alibaba.dubbo.common.serialize.serialization.FastJsonSerializationTest" name="test_longArray">
    <skipped/>
  </testcase>
  <testcase time="0.272" classname="com.alibaba.dubbo.common.serialize.serialization.FastJsonSerializationTest" name="test_floatArray">
    <skipped/>
  </testcase>
  <testcase time="0.272" classname="com.alibaba.dubbo.common.serialize.serialization.FastJsonSerializationTest" name="test_doubleArray">
    <skipped/>
  </testcase>
  <testcase time="0.273" classname="com.alibaba.dubbo.common.serialize.serialization.FastJsonSerializationTest" name="test_StringArray">
    <skipped/>
  </testcase>
  <testcase time="0.273" classname="com.alibaba.dubbo.common.serialize.serialization.FastJsonSerializationTest" name="test_IntegerArray">
    <skipped/>
  </testcase>
  <testcase time="0.274" classname="com.alibaba.dubbo.common.serialize.serialization.FastJsonSerializationTest" name="test_EnumArray">
    <skipped/>
  </testcase>
  <testcase time="0.275" classname="com.alibaba.dubbo.common.serialize.serialization.FastJsonSerializationTest" name="test_intArray">
    <skipped/>
  </testcase>
  <testcase time="0.275" classname="com.alibaba.dubbo.common.serialize.serialization.FastJsonSerializationTest" name="test_shortArray">
    <skipped/>
  </testcase>
  <testcase time="0.276" classname="com.alibaba.dubbo.common.serialize.serialization.FastJsonSerializationTest" name="test_charArray_withType">
    <skipped/>
  </testcase>
  <testcase time="0.277" classname="com.alibaba.dubbo.common.serialize.serialization.FastJsonSerializationTest" name="test_charArray">
    <skipped/>
  </testcase>
  <testcase time="0.277" classname="com.alibaba.dubbo.common.serialize.serialization.FastJsonSerializationTest" name="test_boolArray">
    <skipped/>
  </testcase>
  <testcase time="0.278" classname="com.alibaba.dubbo.common.serialize.serialization.FastJsonSerializationTest" name="test_BytesRange">
    <skipped/>
  </testcase>
  <testcase time="0.278" classname="com.alibaba.dubbo.common.serialize.serialization.FastJsonSerializationTest" name="test_Time_withType">
    <skipped/>
  </testcase>
  <testcase time="0.279" classname="com.alibaba.dubbo.common.serialize.serialization.FastJsonSerializationTest" name="test_ByteWrap">
    <skipped/>
  </testcase>
  <testcase time="0.28" classname="com.alibaba.dubbo.common.serialize.serialization.FastJsonSerializationTest" name="test_LongWrap">
    <skipped/>
  </testcase>
  <testcase time="0.28" classname="com.alibaba.dubbo.common.serialize.serialization.FastJsonSerializationTest" name="test_BigInteger">
    <skipped/>
  </testcase>
  <testcase time="0.281" classname="com.alibaba.dubbo.common.serialize.serialization.FastJsonSerializationTest" name="test_BizException">
    <skipped/>
  </testcase>
  <testcase time="0.282" classname="com.alibaba.dubbo.common.serialize.serialization.FastJsonSerializationTest" name="test_StringSet">
    <skipped/>
  </testcase>
  <testcase time="0.283" classname="com.alibaba.dubbo.common.serialize.serialization.FastJsonSerializationTest" name="test_LinkedHashMap">
    <skipped/>
  </testcase>
  <testcase time="0.283" classname="com.alibaba.dubbo.common.serialize.serialization.FastJsonSerializationTest" name="test_SPersonList">
    <skipped/>
  </testcase>
  <testcase time="0.284" classname="com.alibaba.dubbo.common.serialize.serialization.FastJsonSerializationTest" name="test_SPersonSet">
    <skipped/>
  </testcase>
  <testcase time="0.285" classname="com.alibaba.dubbo.common.serialize.serialization.FastJsonSerializationTest" name="test_IntSPersonMap">
    <skipped/>
  </testcase>
  <testcase time="0.285" classname="com.alibaba.dubbo.common.serialize.serialization.FastJsonSerializationTest" name="test_StringSPersonMap">
    <skipped/>
  </testcase>
  <testcase time="0.289" classname="com.alibaba.dubbo.common.serialize.serialization.FastJsonSerializationTest" name="test_StringSPersonListMap">
    <skipped/>
  </testcase>
  <testcase time="0.289" classname="com.alibaba.dubbo.common.serialize.serialization.FastJsonSerializationTest" name="test_SPersonListList">
    <skipped/>
  </testcase>
  <testcase time="0.289" classname="com.alibaba.dubbo.common.serialize.serialization.FastJsonSerializationTest" name="test_BigPerson">
    <skipped/>
  </testcase>
  <testcase time="0.289" classname="com.alibaba.dubbo.common.serialize.serialization.FastJsonSerializationTest" name="test_MediaContent">
    <skipped/>
  </testcase>
  <testcase time="0.289" classname="com.alibaba.dubbo.common.serialize.serialization.FastJsonSerializationTest" name="test_MultiObject">
    <skipped/>
  </testcase>
  <testcase time="0.016" classname="com.alibaba.dubbo.common.serialize.serialization.FastJsonSerializationTest" name="test_MediaContent_badStream"/>
  <testcase time="0.016" classname="com.alibaba.dubbo.common.serialize.serialization.FastJsonSerializationTest" name="test_URL_mutable_withType">
    <skipped/>
  </testcase>
  <testcase time="0.016" classname="com.alibaba.dubbo.common.serialize.serialization.FastJsonSerializationTest" name="test_LoopReference">
    <skipped/>
  </testcase>
  <testcase time="0.016" classname="com.alibaba.dubbo.common.serialize.serialization.FastJsonSerializationTest" name="test_PersonList">
    <skipped/>
  </testcase>
  <testcase time="0.016" classname="com.alibaba.dubbo.common.serialize.serialization.FastJsonSerializationTest" name="test_PersonSet">
    <skipped/>
  </testcase>
  <testcase time="0.016" classname="com.alibaba.dubbo.common.serialize.serialization.FastJsonSerializationTest" name="test_IntPersonMap">
    <skipped/>
  </testcase>
  <testcase time="0.016" classname="com.alibaba.dubbo.common.serialize.serialization.FastJsonSerializationTest" name="test_StringPersonMap">
    <skipped/>
  </testcase>
  <testcase time="0.016" classname="com.alibaba.dubbo.common.serialize.serialization.FastJsonSerializationTest" name="test_StringPersonListMap">
    <skipped/>
  </testcase>
  <testcase time="0.017" classname="com.alibaba.dubbo.common.serialize.serialization.FastJsonSerializationTest" name="test_PersonListList">
    <skipped/>
  </testcase>
  <testcase time="0.039" classname="com.alibaba.dubbo.common.serialize.serialization.FastJsonSerializationTest" name="test_Person_withType"/>
  <testcase time="0" classname="com.alibaba.dubbo.common.serialize.serialization.FastJsonSerializationTest" name="test_Bool"/>
  <testcase time="0" classname="com.alibaba.dubbo.common.serialize.serialization.FastJsonSerializationTest" name="test_Byte"/>
  <testcase time="0.001" classname="com.alibaba.dubbo.common.serialize.serialization.FastJsonSerializationTest" name="test_Short"/>
  <testcase time="0" classname="com.alibaba.dubbo.common.serialize.serialization.FastJsonSerializationTest" name="test_Integer"/>
  <testcase time="0.001" classname="com.alibaba.dubbo.common.serialize.serialization.FastJsonSerializationTest" name="test_Long"/>
  <testcase time="0.002" classname="com.alibaba.dubbo.common.serialize.serialization.FastJsonSerializationTest" name="test_Float"/>
  <testcase time="0.001" classname="com.alibaba.dubbo.common.serialize.serialization.FastJsonSerializationTest" name="test_Double"/>
  <testcase time="0.003" classname="com.alibaba.dubbo.common.serialize.serialization.FastJsonSerializationTest" name="test_Bytes"/>
  <testcase time="0.004" classname="com.alibaba.dubbo.common.serialize.serialization.FastJsonSerializationTest" name="test_Bool_Multi"/>
  <testcase time="0.005" classname="com.alibaba.dubbo.common.serialize.serialization.FastJsonSerializationTest" name="test_Byte_Multi"/>
  <testcase time="0.001" classname="com.alibaba.dubbo.common.serialize.serialization.FastJsonSerializationTest" name="test_UtfString"/>
  <testcase time="0.002" classname="com.alibaba.dubbo.common.serialize.serialization.FastJsonSerializationTest" name="test_boolArray_withType"/>
  <testcase time="0.001" classname="com.alibaba.dubbo.common.serialize.serialization.FastJsonSerializationTest" name="test_shortArray_withType"/>
  <testcase time="0.001" classname="com.alibaba.dubbo.common.serialize.serialization.FastJsonSerializationTest" name="test_intArray_withType"/>
  <testcase time="0.001" classname="com.alibaba.dubbo.common.serialize.serialization.FastJsonSerializationTest" name="test_longArray_withType"/>
  <testcase time="0.004" classname="com.alibaba.dubbo.common.serialize.serialization.FastJsonSerializationTest" name="test_floatArray_withType"/>
  <testcase time="0.001" classname="com.alibaba.dubbo.common.serialize.serialization.FastJsonSerializationTest" name="test_doubleArray_withType"/>
  <testcase time="0.001" classname="com.alibaba.dubbo.common.serialize.serialization.FastJsonSerializationTest" name="test_StringArray_withType"/>
  <testcase time="0.001" classname="com.alibaba.dubbo.common.serialize.serialization.FastJsonSerializationTest" name="test_IntegerArray_withType"/>
  <testcase time="0.005" classname="com.alibaba.dubbo.common.serialize.serialization.FastJsonSerializationTest" name="test_EnumArray_withType"/>
  <testcase time="0.026" classname="com.alibaba.dubbo.common.serialize.serialization.FastJsonSerializationTest" name="test_SPerson_withType"/>
  <testcase time="0.044" classname="com.alibaba.dubbo.common.serialize.serialization.FastJsonSerializationTest" name="test_BizException_WithType"/>
  <testcase time="0.002" classname="com.alibaba.dubbo.common.serialize.serialization.FastJsonSerializationTest" name="test_enum_withType"/>
  <testcase time="0.012" classname="com.alibaba.dubbo.common.serialize.serialization.FastJsonSerializationTest" name="test_Date_withType"/>
  <testcase time="0" classname="com.alibaba.dubbo.common.serialize.serialization.FastJsonSerializationTest" name="test_ByteWrap_withType"/>
  <testcase time="0" classname="com.alibaba.dubbo.common.serialize.serialization.FastJsonSerializationTest" name="test_LongWrap_withType"/>
  <testcase time="0" classname="com.alibaba.dubbo.common.serialize.serialization.FastJsonSerializationTest" name="test_BigInteger_withType"/>
  <testcase time="0.001" classname="com.alibaba.dubbo.common.serialize.serialization.FastJsonSerializationTest" name="test_BigDecimal"/>
  <testcase time="0.001" classname="com.alibaba.dubbo.common.serialize.serialization.FastJsonSerializationTest" name="test_BigDecimal_withType"/>
  <testcase time="0.003" classname="com.alibaba.dubbo.common.serialize.serialization.FastJsonSerializationTest" name="test_StringList_asListReturn"/>
  <testcase time="0.001" classname="com.alibaba.dubbo.common.serialize.serialization.FastJsonSerializationTest" name="test_StringArrayList"/>
  <testcase time="0.106" classname="com.alibaba.dubbo.common.serialize.serialization.FastJsonSerializationTest" name="test_BigPerson_WithType"/>
  <testcase time="0.015" classname="com.alibaba.dubbo.common.serialize.serialization.FastJsonSerializationTest" name="test_MediaContent_WithType"/>
  <testcase time="0.001" classname="com.alibaba.dubbo.common.serialize.serialization.FastJsonSerializationTest" name="test_MultiObject_WithType"/>
</testsuite>