<?xml version="1.0" encoding="UTF-8" ?>
<testsuite failures="0" time="0.295" errors="0" skipped="0" tests="17" name="com.alibaba.dubbo.common.utils.PojoUtilsTest">
  <properties>
[...]
</properties>
  <testcase time="0.014" classname="com.alibaba.dubbo.common.utils.PojoUtilsTest" name="testGenerializeAndRealizeClass"/>
  <testcase time="0.006" classname="com.alibaba.dubbo.common.utils.PojoUtilsTest" name="test_simpleCollection"/>
  <testcase time="0.014" classname="com.alibaba.dubbo.common.utils.PojoUtilsTest" name="test_total_Array"/>
  <testcase time="0.002" classname="com.alibaba.dubbo.common.utils.PojoUtilsTest" name="test_Loop_pojo"/>
  <testcase time="0.001" classname="com.alibaba.dubbo.common.utils.PojoUtilsTest" name="test_Loop_Map"/>
  <testcase time="0.002" classname="com.alibaba.dubbo.common.utils.PojoUtilsTest" name="test_LoopPojoInMap"/>
  <testcase time="0.001" classname="com.alibaba.dubbo.common.utils.PojoUtilsTest" name="test_PojoArray"/>
  <testcase time="0.001" classname="com.alibaba.dubbo.common.utils.PojoUtilsTest" name="test_PrimitiveArray"/>
  <testcase time="0.001" classname="com.alibaba.dubbo.common.utils.PojoUtilsTest" name="test_Map_List_pojo"/>
  <testcase time="0" classname="com.alibaba.dubbo.common.utils.PojoUtilsTest" name="test_primitive"/>
  <testcase time="0.001" classname="com.alibaba.dubbo.common.utils.PojoUtilsTest" name="test_LoopPojoInList"/>
  <testcase time="0.001" classname="com.alibaba.dubbo.common.utils.PojoUtilsTest" name="test_PojoInList"/>
  <testcase time="0.074" classname="com.alibaba.dubbo.common.utils.PojoUtilsTest" name="testStackOverflow"/>
  <testcase time="0.002" classname="com.alibaba.dubbo.common.utils.PojoUtilsTest" name="test_pojo"/>
  <testcase time="0.008" classname="com.alibaba.dubbo.common.utils.PojoUtilsTest" name="test_total"/>
  <testcase time="0.001" classname="com.alibaba.dubbo.common.utils.PojoUtilsTest" name="test_realize_LongPararmter_IllegalArgumentException"/>
  <testcase time="0.001" classname="com.alibaba.dubbo.common.utils.PojoUtilsTest" name="test_realize_IntPararmter_IllegalArgumentException"/>
</testsuite>