<?xml version="1.0" encoding="UTF-8" ?>
<testsuite failures="0" time="0.409" errors="0" skipped="0" tests="79" name="com.alibaba.dubbo.common.serialize.serialization.JavaSerializationTest">
  <properties>
[...]
</properties>
  <testcase time="0.03" classname="com.alibaba.dubbo.common.serialize.serialization.JavaSerializationTest" name="test_Person"/>
  <testcase time="0.003" classname="com.alibaba.dubbo.common.serialize.serialization.JavaSerializationTest" name="test_PersonListList"/>
  <testcase time="0.006" classname="com.alibaba.dubbo.common.serialize.serialization.JavaSerializationTest" name="test_StringPersonListMap"/>
  <testcase time="0.006" classname="com.alibaba.dubbo.common.serialize.serialization.JavaSerializationTest" name="test_StringPersonMap"/>
  <testcase time="0.006" classname="com.alibaba.dubbo.common.serialize.serialization.JavaSerializationTest" name="test_IntPersonMap"/>
  <testcase time="0.006" classname="com.alibaba.dubbo.common.serialize.serialization.JavaSerializationTest" name="test_PersonSet"/>
  <testcase time="0.004" classname="com.alibaba.dubbo.common.serialize.serialization.JavaSerializationTest" name="test_PersonList"/>
  <testcase time="0.01" classname="com.alibaba.dubbo.common.serialize.serialization.JavaSerializationTest" name="test_BizExceptionNoDefaultConstructor"/>
  <testcase time="0.01" classname="com.alibaba.dubbo.common.serialize.serialization.JavaSerializationTest" name="test_MediaContent_WithType_badStream"/>
  <testcase time="0.004" classname="com.alibaba.dubbo.common.serialize.serialization.JavaSerializationTest" name="test_Bool"/>
  <testcase time="0" classname="com.alibaba.dubbo.common.serialize.serialization.JavaSerializationTest" name="test_Byte"/>
  <testcase time="0.001" classname="com.alibaba.dubbo.common.serialize.serialization.JavaSerializationTest" name="test_Short"/>
  <testcase time="0" classname="com.alibaba.dubbo.common.serialize.serialization.JavaSerializationTest" name="test_Integer"/>
  <testcase time="0.001" classname="com.alibaba.dubbo.common.serialize.serialization.JavaSerializationTest" name="test_Long"/>
  <testcase time="0" classname="com.alibaba.dubbo.common.serialize.serialization.JavaSerializationTest" name="test_Float"/>
  <testcase time="0.001" classname="com.alibaba.dubbo.common.serialize.serialization.JavaSerializationTest" name="test_Double"/>
  <testcase time="0.005" classname="com.alibaba.dubbo.common.serialize.serialization.JavaSerializationTest" name="test_Bytes"/>
  <testcase time="0.012" classname="com.alibaba.dubbo.common.serialize.serialization.JavaSerializationTest" name="test_SPerson"/>
  <testcase time="0" classname="com.alibaba.dubbo.common.serialize.serialization.JavaSerializationTest" name="test_enum"/>
  <testcase time="0.006" classname="com.alibaba.dubbo.common.serialize.serialization.JavaSerializationTest" name="test_Date"/>
  <testcase time="0.001" classname="com.alibaba.dubbo.common.serialize.serialization.JavaSerializationTest" name="test_Time"/>
  <testcase time="0.001" classname="com.alibaba.dubbo.common.serialize.serialization.JavaSerializationTest" name="test_Bool_Multi"/>
  <testcase time="0.002" classname="com.alibaba.dubbo.common.serialize.serialization.JavaSerializationTest" name="test_Byte_Multi"/>
  <testcase time="0.001" classname="com.alibaba.dubbo.common.serialize.serialization.JavaSerializationTest" name="test_UtfString"/>
  <testcase time="0.001" classname="com.alibaba.dubbo.common.serialize.serialization.JavaSerializationTest" name="test_BytesRange"/>
  <testcase time="0.001" classname="com.alibaba.dubbo.common.serialize.serialization.JavaSerializationTest" name="test_boolArray"/>
  <testcase time="0.001" classname="com.alibaba.dubbo.common.serialize.serialization.JavaSerializationTest" name="test_boolArray_withType"/>
  <testcase time="0.001" classname="com.alibaba.dubbo.common.serialize.serialization.JavaSerializationTest" name="test_charArray"/>
  <testcase time="0.004" classname="com.alibaba.dubbo.common.serialize.serialization.JavaSerializationTest" name="test_charArray_withType"/>
  <testcase time="0" classname="com.alibaba.dubbo.common.serialize.serialization.JavaSerializationTest" name="test_shortArray"/>
  <testcase time="0.001" classname="com.alibaba.dubbo.common.serialize.serialization.JavaSerializationTest" name="test_shortArray_withType"/>
  <testcase time="0.001" classname="com.alibaba.dubbo.common.serialize.serialization.JavaSerializationTest" name="test_intArray"/>
  <testcase time="0.001" classname="com.alibaba.dubbo.common.serialize.serialization.JavaSerializationTest" name="test_intArray_withType"/>
  <testcase time="0.001" classname="com.alibaba.dubbo.common.serialize.serialization.JavaSerializationTest" name="test_longArray"/>
  <testcase time="0.001" classname="com.alibaba.dubbo.common.serialize.serialization.JavaSerializationTest" name="test_longArray_withType"/>
  <testcase time="0.003" classname="com.alibaba.dubbo.common.serialize.serialization.JavaSerializationTest" name="test_floatArray"/>
  <testcase time="0" classname="com.alibaba.dubbo.common.serialize.serialization.JavaSerializationTest" name="test_floatArray_withType"/>
  <testcase time="0" classname="com.alibaba.dubbo.common.serialize.serialization.JavaSerializationTest" name="test_doubleArray"/>
  <testcase time="0.001" classname="com.alibaba.dubbo.common.serialize.serialization.JavaSerializationTest" name="test_doubleArray_withType"/>
  <testcase time="0.002" classname="com.alibaba.dubbo.common.serialize.serialization.JavaSerializationTest" name="test_StringArray"/>
  <testcase time="0.001" classname="com.alibaba.dubbo.common.serialize.serialization.JavaSerializationTest" name="test_StringArray_withType"/>
  <testcase time="0.001" classname="com.alibaba.dubbo.common.serialize.serialization.JavaSerializationTest" name="test_IntegerArray"/>
  <testcase time="0.001" classname="com.alibaba.dubbo.common.serialize.serialization.JavaSerializationTest" name="test_IntegerArray_withType"/>
  <testcase time="0.001" classname="com.alibaba.dubbo.common.serialize.serialization.JavaSerializationTest" name="test_EnumArray"/>
  <testcase time="0.001" classname="com.alibaba.dubbo.common.serialize.serialization.JavaSerializationTest" name="test_EnumArray_withType"/>
  <testcase time="0.001" classname="com.alibaba.dubbo.common.serialize.serialization.JavaSerializationTest" name="test_SPerson_withType"/>
  <testcase time="0.008" classname="com.alibaba.dubbo.common.serialize.serialization.JavaSerializationTest" name="test_BizException"/>
  <testcase time="0.008" classname="com.alibaba.dubbo.common.serialize.serialization.JavaSerializationTest" name="test_BizException_WithType"/>
  <testcase time="0" classname="com.alibaba.dubbo.common.serialize.serialization.JavaSerializationTest" name="test_enum_withType"/>
  <testcase time="0" classname="com.alibaba.dubbo.common.serialize.serialization.JavaSerializationTest" name="test_Date_withType"/>
  <testcase time="0.002" classname="com.alibaba.dubbo.common.serialize.serialization.JavaSerializationTest" name="test_Time_withType"/>
  <testcase time="0.002" classname="com.alibaba.dubbo.common.serialize.serialization.JavaSerializationTest" name="test_ByteWrap"/>
  <testcase time="0" classname="com.alibaba.dubbo.common.serialize.serialization.JavaSerializationTest" name="test_ByteWrap_withType"/>
  <testcase time="0.002" classname="com.alibaba.dubbo.common.serialize.serialization.JavaSerializationTest" name="test_LongWrap"/>
  <testcase time="0.001" classname="com.alibaba.dubbo.common.serialize.serialization.JavaSerializationTest" name="test_LongWrap_withType"/>
  <testcase time="0.006" classname="com.alibaba.dubbo.common.serialize.serialization.JavaSerializationTest" name="test_BigInteger"/>
  <testcase time="0.001" classname="com.alibaba.dubbo.common.serialize.serialization.JavaSerializationTest" name="test_BigInteger_withType"/>
  <testcase time="0.009" classname="com.alibaba.dubbo.common.serialize.serialization.JavaSerializationTest" name="test_BigDecimal"/>
  <testcase time="0" classname="com.alibaba.dubbo.common.serialize.serialization.JavaSerializationTest" name="test_BigDecimal_withType"/>
  <testcase time="0" classname="com.alibaba.dubbo.common.serialize.serialization.JavaSerializationTest" name="test_StringList_asListReturn"/>
  <testcase time="0.001" classname="com.alibaba.dubbo.common.serialize.serialization.JavaSerializationTest" name="test_StringArrayList"/>
  <testcase time="0.001" classname="com.alibaba.dubbo.common.serialize.serialization.JavaSerializationTest" name="test_StringSet"/>
  <testcase time="0.002" classname="com.alibaba.dubbo.common.serialize.serialization.JavaSerializationTest" name="test_LinkedHashMap"/>
  <testcase time="0.001" classname="com.alibaba.dubbo.common.serialize.serialization.JavaSerializationTest" name="test_SPersonList"/>
  <testcase time="0.001" classname="com.alibaba.dubbo.common.serialize.serialization.JavaSerializationTest" name="test_SPersonSet"/>
  <testcase time="0.001" classname="com.alibaba.dubbo.common.serialize.serialization.JavaSerializationTest" name="test_IntSPersonMap"/>
  <testcase time="0.002" classname="com.alibaba.dubbo.common.serialize.serialization.JavaSerializationTest" name="test_StringSPersonMap"/>
  <testcase time="0" classname="com.alibaba.dubbo.common.serialize.serialization.JavaSerializationTest" name="test_StringSPersonListMap"/>
  <testcase time="0" classname="com.alibaba.dubbo.common.serialize.serialization.JavaSerializationTest" name="test_SPersonListList"/>
  <testcase time="0.005" classname="com.alibaba.dubbo.common.serialize.serialization.JavaSerializationTest" name="test_BigPerson"/>
  <testcase time="0.003" classname="com.alibaba.dubbo.common.serialize.serialization.JavaSerializationTest" name="test_BigPerson_WithType"/>
  <testcase time="0.006" classname="com.alibaba.dubbo.common.serialize.serialization.JavaSerializationTest" name="test_MediaContent"/>
  <testcase time="0.001" classname="com.alibaba.dubbo.common.serialize.serialization.JavaSerializationTest" name="test_MediaContent_WithType"/>
  <testcase time="0.005" classname="com.alibaba.dubbo.common.serialize.serialization.JavaSerializationTest" name="test_MultiObject"/>
  <testcase time="0.004" classname="com.alibaba.dubbo.common.serialize.serialization.JavaSerializationTest" name="test_MultiObject_WithType"/>
  <testcase time="0.003" classname="com.alibaba.dubbo.common.serialize.serialization.JavaSerializationTest" name="test_MediaContent_badStream"/>
  <testcase time="0.003" classname="com.alibaba.dubbo.common.serialize.serialization.JavaSerializationTest" name="test_LoopReference"/>
  <testcase time="0.003" classname="com.alibaba.dubbo.common.serialize.serialization.JavaSerializationTest" name="test_URL_mutable_withType"/>
  <testcase time="0.003" classname="com.alibaba.dubbo.common.serialize.serialization.JavaSerializationTest" name="test_BizExceptionNoDefaultConstructor_WithType"/>
</testsuite>