<?xml version="1.0" encoding="UTF-8" ?>
<testsuite failures="0" time="0.759" errors="0" skipped="47" tests="80" name="com.alibaba.dubbo.common.serialize.serialization.JsonSerializationTest">
  <properties>
[...]
</properties>
  <testcase time="0" classname="com.alibaba.dubbo.common.serialize.serialization.JsonSerializationTest" name="test_BizExceptionNoDefaultConstructor_WithType">
    <skipped/>
  </testcase>
  <testcase time="0" classname="com.alibaba.dubbo.common.serialize.serialization.JsonSerializationTest" name="test_Date">
    <skipped/>
  </testcase>
  <testcase time="0" classname="com.alibaba.dubbo.common.serialize.serialization.JsonSerializationTest" name="test_enum">
    <skipped/>
  </testcase>
  <testcase time="0.001" classname="com.alibaba.dubbo.common.serialize.serialization.JsonSerializationTest" name="test_SPerson">
    <skipped/>
  </testcase>
  <testcase time="0.001" classname="com.alibaba.dubbo.common.serialize.serialization.JsonSerializationTest" name="test_Time">
    <skipped/>
  </testcase>
  <testcase time="0.001" classname="com.alibaba.dubbo.common.serialize.serialization.JsonSerializationTest" name="test_Person">
    <skipped/>
  </testcase>
  <testcase time="0.002" classname="com.alibaba.dubbo.common.serialize.serialization.JsonSerializationTest" name="test_BizExceptionNoDefaultConstructor">
    <skipped/>
  </testcase>
  <testcase time="0.002" classname="com.alibaba.dubbo.common.serialize.serialization.JsonSerializationTest" name="test_floatArray">
    <skipped/>
  </testcase>
  <testcase time="0.002" classname="com.alibaba.dubbo.common.serialize.serialization.JsonSerializationTest" name="test_doubleArray">
    <skipped/>
  </testcase>
  <testcase time="0.003" classname="com.alibaba.dubbo.common.serialize.serialization.JsonSerializationTest" name="test_StringArray">
    <skipped/>
  </testcase>
  <testcase time="0.003" classname="com.alibaba.dubbo.common.serialize.serialization.JsonSerializationTest" name="test_IntegerArray">
    <skipped/>
  </testcase>
  <testcase time="0.003" classname="com.alibaba.dubbo.common.serialize.serialization.JsonSerializationTest" name="test_EnumArray">
    <skipped/>
  </testcase>
  <testcase time="0.003" classname="com.alibaba.dubbo.common.serialize.serialization.JsonSerializationTest" name="test_Date_withType">
    <skipped/>
  </testcase>
  <testcase time="0.004" classname="com.alibaba.dubbo.common.serialize.serialization.JsonSerializationTest" name="test_longArray">
    <skipped/>
  </testcase>
  <testcase time="0.004" classname="com.alibaba.dubbo.common.serialize.serialization.JsonSerializationTest" name="test_intArray">
    <skipped/>
  </testcase>
  <testcase time="0.004" classname="com.alibaba.dubbo.common.serialize.serialization.JsonSerializationTest" name="test_shortArray">
    <skipped/>
  </testcase>
  <testcase time="0.004" classname="com.alibaba.dubbo.common.serialize.serialization.JsonSerializationTest" name="test_charArray">
    <skipped/>
  </testcase>
  <testcase time="0.005" classname="com.alibaba.dubbo.common.serialize.serialization.JsonSerializationTest" name="test_boolArray">
    <skipped/>
  </testcase>
  <testcase time="0.005" classname="com.alibaba.dubbo.common.serialize.serialization.JsonSerializationTest" name="test_BytesRange">
    <skipped/>
  </testcase>
  <testcase time="0.005" classname="com.alibaba.dubbo.common.serialize.serialization.JsonSerializationTest" name="test_Time_withType">
    <skipped/>
  </testcase>
  <testcase time="0.006" classname="com.alibaba.dubbo.common.serialize.serialization.JsonSerializationTest" name="test_ByteWrap">
    <skipped/>
  </testcase>
  <testcase time="0.006" classname="com.alibaba.dubbo.common.serialize.serialization.JsonSerializationTest" name="test_BigInteger">
    <skipped/>
  </testcase>
  <testcase time="0.006" classname="com.alibaba.dubbo.common.serialize.serialization.JsonSerializationTest" name="test_BigDecimal">
    <skipped/>
  </testcase>
  <testcase time="0.006" classname="com.alibaba.dubbo.common.serialize.serialization.JsonSerializationTest" name="test_BigDecimal_withType">
    <skipped/>
  </testcase>
  <testcase time="0.007" classname="com.alibaba.dubbo.common.serialize.serialization.JsonSerializationTest" name="test_BizException">
    <skipped/>
  </testcase>
  <testcase time="0.007" classname="com.alibaba.dubbo.common.serialize.serialization.JsonSerializationTest" name="test_StringSet">
    <skipped/>
  </testcase>
  <testcase time="0.007" classname="com.alibaba.dubbo.common.serialize.serialization.JsonSerializationTest" name="test_LinkedHashMap">
    <skipped/>
  </testcase>
  <testcase time="0.008" classname="com.alibaba.dubbo.common.serialize.serialization.JsonSerializationTest" name="test_SPersonList">
    <skipped/>
  </testcase>
  <testcase time="0.008" classname="com.alibaba.dubbo.common.serialize.serialization.JsonSerializationTest" name="test_SPersonSet">
    <skipped/>
  </testcase>
  <testcase time="0.008" classname="com.alibaba.dubbo.common.serialize.serialization.JsonSerializationTest" name="test_IntSPersonMap">
    <skipped/>
  </testcase>
  <testcase time="0.009" classname="com.alibaba.dubbo.common.serialize.serialization.JsonSerializationTest" name="test_StringSPersonMap">
    <skipped/>
  </testcase>
  <testcase time="0.009" classname="com.alibaba.dubbo.common.serialize.serialization.JsonSerializationTest" name="test_StringSPersonListMap">
    <skipped/>
  </testcase>
  <testcase time="0.009" classname="com.alibaba.dubbo.common.serialize.serialization.JsonSerializationTest" name="test_SPersonListList">
    <skipped/>
  </testcase>
  <testcase time="0.01" classname="com.alibaba.dubbo.common.serialize.serialization.JsonSerializationTest" name="test_BigPerson">
    <skipped/>
  </testcase>
  <testcase time="0.01" classname="com.alibaba.dubbo.common.serialize.serialization.JsonSerializationTest" name="test_BigPerson_WithType">
    <skipped/>
  </testcase>
  <testcase time="0.01" classname="com.alibaba.dubbo.common.serialize.serialization.JsonSerializationTest" name="test_MediaContent">
    <skipped/>
  </testcase>
  <testcase time="0.011" classname="com.alibaba.dubbo.common.serialize.serialization.JsonSerializationTest" name="test_MediaContent_WithType">
    <skipped/>
  </testcase>
  <testcase time="0.011" classname="com.alibaba.dubbo.common.serialize.serialization.JsonSerializationTest" name="test_MultiObject">
    <skipped/>
  </testcase>
  <testcase time="0.015" classname="com.alibaba.dubbo.common.serialize.serialization.JsonSerializationTest" name="test_MultiObject_WithType">
    <skipped/>
  </testcase>
  <testcase time="0.015" classname="com.alibaba.dubbo.common.serialize.serialization.JsonSerializationTest" name="test_LoopReference">
    <skipped/>
  </testcase>
  <testcase time="0.015" classname="com.alibaba.dubbo.common.serialize.serialization.JsonSerializationTest" name="test_URL_mutable_withType">
    <skipped/>
  </testcase>
  <testcase time="0.015" classname="com.alibaba.dubbo.common.serialize.serialization.JsonSerializationTest" name="test_PersonList">
    <skipped/>
  </testcase>
  <testcase time="0.015" classname="com.alibaba.dubbo.common.serialize.serialization.JsonSerializationTest" name="test_PersonSet">
    <skipped/>
  </testcase>
  <testcase time="0.015" classname="com.alibaba.dubbo.common.serialize.serialization.JsonSerializationTest" name="test_IntPersonMap">
    <skipped/>
  </testcase>
  <testcase time="0.015" classname="com.alibaba.dubbo.common.serialize.serialization.JsonSerializationTest" name="test_StringPersonMap">
    <skipped/>
  </testcase>
  <testcase time="0.015" classname="com.alibaba.dubbo.common.serialize.serialization.JsonSerializationTest" name="test_StringPersonListMap">
    <skipped/>
  </testcase>
  <testcase time="0.015" classname="com.alibaba.dubbo.common.serialize.serialization.JsonSerializationTest" name="test_PersonListList">
    <skipped/>
  </testcase>
  <testcase time="0.221" classname="com.alibaba.dubbo.common.serialize.serialization.JsonSerializationTest" name="test_Person_withType"/>
  <testcase time="0.001" classname="com.alibaba.dubbo.common.serialize.serialization.JsonSerializationTest" name="test_Bool"/>
  <testcase time="0.001" classname="com.alibaba.dubbo.common.serialize.serialization.JsonSerializationTest" name="test_Byte"/>
  <testcase time="0.001" classname="com.alibaba.dubbo.common.serialize.serialization.JsonSerializationTest" name="test_Short"/>
  <testcase time="0" classname="com.alibaba.dubbo.common.serialize.serialization.JsonSerializationTest" name="test_Integer"/>
  <testcase time="0.001" classname="com.alibaba.dubbo.common.serialize.serialization.JsonSerializationTest" name="test_Long"/>
  <testcase time="0.002" classname="com.alibaba.dubbo.common.serialize.serialization.JsonSerializationTest" name="test_Float"/>
  <testcase time="0" classname="com.alibaba.dubbo.common.serialize.serialization.JsonSerializationTest" name="test_Double"/>
  <testcase time="0.003" classname="com.alibaba.dubbo.common.serialize.serialization.JsonSerializationTest" name="test_Bytes"/>
  <testcase time="0.181" classname="com.alibaba.dubbo.common.serialize.serialization.JsonSerializationTest" name="test_MediaContent_WithType_badStream"/>
  <testcase time="0.003" classname="com.alibaba.dubbo.common.serialize.serialization.JsonSerializationTest" name="test_Bool_Multi"/>
  <testcase time="0.014" classname="com.alibaba.dubbo.common.serialize.serialization.JsonSerializationTest" name="test_Byte_Multi"/>
  <testcase time="0" classname="com.alibaba.dubbo.common.serialize.serialization.JsonSerializationTest" name="test_UtfString"/>
  <testcase time="0.002" classname="com.alibaba.dubbo.common.serialize.serialization.JsonSerializationTest" name="test_boolArray_withType"/>
  <testcase time="0.002" classname="com.alibaba.dubbo.common.serialize.serialization.JsonSerializationTest" name="test_charArray_withType"/>
  <testcase time="0.001" classname="com.alibaba.dubbo.common.serialize.serialization.JsonSerializationTest" name="test_shortArray_withType"/>
  <testcase time="0.001" classname="com.alibaba.dubbo.common.serialize.serialization.JsonSerializationTest" name="test_intArray_withType"/>
  <testcase time="0" classname="com.alibaba.dubbo.common.serialize.serialization.JsonSerializationTest" name="test_longArray_withType"/>
  <testcase time="0.002" classname="com.alibaba.dubbo.common.serialize.serialization.JsonSerializationTest" name="test_floatArray_withType"/>
  <testcase time="0.001" classname="com.alibaba.dubbo.common.serialize.serialization.JsonSerializationTest" name="test_doubleArray_withType"/>
  <testcase time="0.001" classname="com.alibaba.dubbo.common.serialize.serialization.JsonSerializationTest" name="test_StringArray_withType"/>
  <testcase time="0.002" classname="com.alibaba.dubbo.common.serialize.serialization.JsonSerializationTest" name="test_IntegerArray_withType"/>
  <testcase time="0.002" classname="com.alibaba.dubbo.common.serialize.serialization.JsonSerializationTest" name="test_EnumArray_withType"/>
  <testcase time="0.03" classname="com.alibaba.dubbo.common.serialize.serialization.JsonSerializationTest" name="test_SPerson_withType"/>
  <testcase time="0.046" classname="com.alibaba.dubbo.common.serialize.serialization.JsonSerializationTest" name="test_BizException_WithType"/>
  <testcase time="0" classname="com.alibaba.dubbo.common.serialize.serialization.JsonSerializationTest" name="test_enum_withType"/>
  <testcase time="0.001" classname="com.alibaba.dubbo.common.serialize.serialization.JsonSerializationTest" name="test_ByteWrap_withType"/>
  <testcase time="0.001" classname="com.alibaba.dubbo.common.serialize.serialization.JsonSerializationTest" name="test_LongWrap"/>
  <testcase time="0" classname="com.alibaba.dubbo.common.serialize.serialization.JsonSerializationTest" name="test_LongWrap_withType"/>
  <testcase time="0.002" classname="com.alibaba.dubbo.common.serialize.serialization.JsonSerializationTest" name="test_BigInteger_withType"/>
  <testcase time="0.001" classname="com.alibaba.dubbo.common.serialize.serialization.JsonSerializationTest" name="test_StringList_asListReturn"/>
  <testcase time="0.001" classname="com.alibaba.dubbo.common.serialize.serialization.JsonSerializationTest" name="test_StringArrayList"/>
  <testcase time="0.01" classname="com.alibaba.dubbo.common.serialize.serialization.JsonSerializationTest" name="test_MediaContent_badStream"/>
</testsuite>